[debug] [2024-10-23T10:40:58.478Z] ----------------------------------------------------------------------
[debug] [2024-10-23T10:40:58.480Z] Command:       C:\Program Files\nodejs\node.exe C:\Users\User\AppData\Roaming\npm\node_modules\firebase-tools\lib\bin\firebase.js init
[debug] [2024-10-23T10:40:58.480Z] CLI Version:   13.22.1
[debug] [2024-10-23T10:40:58.480Z] Platform:      win32
[debug] [2024-10-23T10:40:58.480Z] Node Version:  v20.16.0
[debug] [2024-10-23T10:40:58.480Z] Time:          Wed Oct 23 2024 18:40:58 GMT+0800 (台北標準時間)
[debug] [2024-10-23T10:40:58.480Z] ----------------------------------------------------------------------
[debug] 
[debug] [2024-10-23T10:40:58.483Z] > command requires scopes: ["email","openid","https://www.googleapis.com/auth/cloudplatformprojects.readonly","https://www.googleapis.com/auth/firebase","https://www.googleapis.com/auth/cloud-platform"]
[debug] [2024-10-23T10:40:58.483Z] > authorizing via signed-in user (ivan.tsai21@gmail.com)
[info] 
     ######## #### ########  ######## ########     ###     ######  ########
     ##        ##  ##     ## ##       ##     ##  ##   ##  ##       ##
     ######    ##  ########  ######   ########  #########  ######  ######
     ##        ##  ##    ##  ##       ##     ## ##     ##       ## ##
     ##       #### ##     ## ######## ########  ##     ##  ######  ########

You're about to initialize a Firebase project in this directory:

  D:\Repos\little-room-simulation\little-room-simulation

[info] 
=== Project Setup
[info] 
[info] First, let's associate this project directory with a Firebase project.
[info] You can create multiple project aliases by running firebase use --add, 
[info] but for now we'll just set up a default project.
[info] 
[info] i  If you want to create a project in a Google Cloud organization or folder, please use "firebase projects:create" instead, and return to this command when you've created the project. 
[debug] [2024-10-23T10:41:40.617Z] Checked if tokens are valid: true, expires at: 1729683492511
[debug] [2024-10-23T10:41:40.618Z] Checked if tokens are valid: true, expires at: 1729683492511
[debug] [2024-10-23T10:41:40.618Z] >>> [apiv2][query] POST https://cloudresourcemanager.googleapis.com/v1/projects [none]
[debug] [2024-10-23T10:41:40.618Z] >>> [apiv2][body] POST https://cloudresourcemanager.googleapis.com/v1/projects {"projectId":"little-room-simulation","name":"little-room-simulation"}
[debug] [2024-10-23T10:41:42.185Z] <<< [apiv2][status] POST https://cloudresourcemanager.googleapis.com/v1/projects 200
[debug] [2024-10-23T10:41:42.186Z] <<< [apiv2][body] POST https://cloudresourcemanager.googleapis.com/v1/projects {"name":"operations/cp.4827619910434806583"}
[debug] [2024-10-23T10:41:42.186Z] Checked if tokens are valid: true, expires at: 1729683492511
[debug] [2024-10-23T10:41:42.186Z] Checked if tokens are valid: true, expires at: 1729683492511
[debug] [2024-10-23T10:41:42.186Z] >>> [apiv2][query] GET https://cloudresourcemanager.googleapis.com/v1/operations/cp.4827619910434806583 [none]
[debug] [2024-10-23T10:41:43.234Z] <<< [apiv2][status] GET https://cloudresourcemanager.googleapis.com/v1/operations/cp.4827619910434806583 200
[debug] [2024-10-23T10:41:43.234Z] <<< [apiv2][body] GET https://cloudresourcemanager.googleapis.com/v1/operations/cp.4827619910434806583 {"name":"operations/cp.4827619910434806583"}
[debug] [2024-10-23T10:41:43.736Z] [Project Creation Poller] Retrying task index 0
[debug] [2024-10-23T10:41:43.736Z] Checked if tokens are valid: true, expires at: 1729683492511
[debug] [2024-10-23T10:41:43.736Z] Checked if tokens are valid: true, expires at: 1729683492511
[debug] [2024-10-23T10:41:43.736Z] >>> [apiv2][query] GET https://cloudresourcemanager.googleapis.com/v1/operations/cp.4827619910434806583 [none]
[debug] [2024-10-23T10:41:44.153Z] <<< [apiv2][status] GET https://cloudresourcemanager.googleapis.com/v1/operations/cp.4827619910434806583 200
[debug] [2024-10-23T10:41:44.154Z] <<< [apiv2][body] GET https://cloudresourcemanager.googleapis.com/v1/operations/cp.4827619910434806583 {"name":"operations/cp.4827619910434806583","metadata":{"@type":"type.googleapis.com/google.cloudresourcemanager.v1.ProjectCreationStatus","gettable":true}}
[debug] [2024-10-23T10:41:45.154Z] [Project Creation Poller] Retrying task index 0
[debug] [2024-10-23T10:41:45.154Z] Checked if tokens are valid: true, expires at: 1729683492511
[debug] [2024-10-23T10:41:45.154Z] Checked if tokens are valid: true, expires at: 1729683492511
[debug] [2024-10-23T10:41:45.154Z] >>> [apiv2][query] GET https://cloudresourcemanager.googleapis.com/v1/operations/cp.4827619910434806583 [none]
[debug] [2024-10-23T10:41:45.573Z] <<< [apiv2][status] GET https://cloudresourcemanager.googleapis.com/v1/operations/cp.4827619910434806583 200
[debug] [2024-10-23T10:41:45.573Z] <<< [apiv2][body] GET https://cloudresourcemanager.googleapis.com/v1/operations/cp.4827619910434806583 {"name":"operations/cp.4827619910434806583","metadata":{"@type":"type.googleapis.com/google.cloudresourcemanager.v1.ProjectCreationStatus","gettable":true,"ready":true},"done":true,"response":{"@type":"type.googleapis.com/google.cloudresourcemanager.v1.Project","projectNumber":"641397206621","projectId":"little-room-simulation","lifecycleState":"ACTIVE","name":"little-room-simulation","createTime":"2024-10-23T10:41:43.211607Z"}}
[debug] [2024-10-23T10:41:45.574Z] Checked if tokens are valid: true, expires at: 1729683492511
[debug] [2024-10-23T10:41:45.574Z] Checked if tokens are valid: true, expires at: 1729683492511
[debug] [2024-10-23T10:41:45.574Z] >>> [apiv2][query] POST https://firebase.googleapis.com/v1beta1/projects/little-room-simulation:addFirebase [none]
[debug] [2024-10-23T10:41:46.725Z] <<< [apiv2][status] POST https://firebase.googleapis.com/v1beta1/projects/little-room-simulation:addFirebase 403
[debug] [2024-10-23T10:41:46.725Z] <<< [apiv2][body] POST https://firebase.googleapis.com/v1beta1/projects/little-room-simulation:addFirebase {"error":{"code":403,"message":"The caller does not have permission","status":"PERMISSION_DENIED"}}
[debug] [2024-10-23T10:41:46.725Z] HTTP Error: 403, The caller does not have permission
[debug] [2024-10-23T10:41:46.750Z] FirebaseError: HTTP Error: 403, The caller does not have permission
    at responseToError (C:\Users\User\AppData\Roaming\npm\node_modules\firebase-tools\lib\responseToError.js:49:12)
    at RetryOperation._fn (C:\Users\User\AppData\Roaming\npm\node_modules\firebase-tools\lib\apiv2.js:312:77)
    at process.processTicksAndRejections (node:internal/process/task_queues:95:5)
[error] 
[error] Error: Failed to add Firebase to Google Cloud Platform project. See firebase-debug.log for more info.
